\BOOKMARK [0][-]{chapter.1}{Introduction}{}% 1
\BOOKMARK [0][-]{chapter.2}{What is Linux, GNU and ToriOS?}{}% 2
\BOOKMARK [0][-]{chapter.3}{The ToriOS Team}{}% 3
\BOOKMARK [0][-]{chapter.4}{Pre-installation}{}% 4
\BOOKMARK [0][-]{chapter.5}{Creating install media}{}% 5
\BOOKMARK [0][-]{chapter.6}{Booting install media}{}% 6
\BOOKMARK [0][-]{chapter.7}{Install Torios}{}% 7
\BOOKMARK [0][-]{chapter.8}{Login Manager}{}% 8
\BOOKMARK [0][-]{chapter.9}{Login}{}% 9
\BOOKMARK [0][-]{chapter.10}{Logout}{}% 10
\BOOKMARK [0][-]{chapter.11}{Desktop}{}% 11
\BOOKMARK [0][-]{chapter.12}{Shortcuts}{}% 12
\BOOKMARK [0][-]{chapter.13}{Applications}{}% 13
\BOOKMARK [0][-]{chapter.14}{System administration}{}% 14
\BOOKMARK [1][-]{section.14.1}{Installing Software}{chapter.14}% 15
\BOOKMARK [1][-]{section.14.2}{User management}{chapter.14}% 16
\BOOKMARK [0][-]{chapter.15}{Get Involved}{}% 17
\BOOKMARK [0][-]{chapter.16}{Document License}{}% 18
\BOOKMARK [0][-]{chapter.17}{Software License}{}% 19
\BOOKMARK [0][-]{chapter.18}{URL References}{}% 20
\BOOKMARK [0][-]{chapter.19}{PDF References}{}% 21
