This is pdfTeX, Version 3.1415926-2.5-1.40.14 (TeX Live 2013/Debian) (format=pdflatex 2014.9.27)  12 OCT 2014 17:54
entering extended mode
 restricted \write18 enabled.
 %&-line parsing enabled.
**torios.tex
(./torios.tex
LaTeX2e <2011/06/27>
Babel <3.9h> and hyphenation patterns for 78 languages loaded.
(/usr/share/texlive/texmf-dist/tex/latex/base/book.cls
Document Class: book 2007/10/19 v1.4h Standard LaTeX document class
(/usr/share/texlive/texmf-dist/tex/latex/base/bk12.clo
File: bk12.clo 2007/10/19 v1.4h Standard LaTeX file (size option)
)
\c@part=\count79
\c@chapter=\count80
\c@section=\count81
\c@subsection=\count82
\c@subsubsection=\count83
\c@paragraph=\count84
\c@subparagraph=\count85
\c@figure=\count86
\c@table=\count87
\abovecaptionskip=\skip41
\belowcaptionskip=\skip42
\bibindent=\dimen102
)
(/usr/share/texlive/texmf-dist/tex/latex/base/inputenc.sty
Package: inputenc 2008/03/30 v1.1d Input encoding file
\inpenc@prehook=\toks14
\inpenc@posthook=\toks15

(/usr/share/texlive/texmf-dist/tex/latex/base/latin1.def
File: latin1.def 2008/03/30 v1.1d Input encoding file
))
(/usr/share/texlive/texmf-dist/tex/latex/xmpincl/xmpincl.sty
Package: xmpincl 2008/05/10 v2.2 Include XMP data in pdflatex

(/usr/share/texlive/texmf-dist/tex/generic/oberdiek/ifpdf.sty
Package: ifpdf 2011/01/30 v2.3 Provides the ifpdf switch (HO)
Package ifpdf Info: pdfTeX in PDF mode is detected.
)
(/usr/share/texlive/texmf-dist/tex/latex/base/ifthen.sty
Package: ifthen 2001/05/26 v1.1c Standard LaTeX ifthen package (DPC)
))
(/usr/share/texlive/texmf-dist/tex/latex/lipsum/lipsum.sty
Package: lipsum 2011/04/14 v1.2 150 paragraphs of Lorem Ipsum dummy text
\c@lips@count=\count88
)
(/usr/share/texlive/texmf-dist/tex/latex/url/url.sty
\Urlmuskip=\muskip10
Package: url 2013/09/16  ver 3.4  Verb mode for urls, etc.
)
(/usr/share/texlive/texmf-dist/tex/latex/amsmath/amsmath.sty
Package: amsmath 2013/01/14 v2.14 AMS math features
\@mathmargin=\skip43

For additional information on amsmath, use the `?' option.
(/usr/share/texlive/texmf-dist/tex/latex/amsmath/amstext.sty
Package: amstext 2000/06/29 v2.01

(/usr/share/texlive/texmf-dist/tex/latex/amsmath/amsgen.sty
File: amsgen.sty 1999/11/30 v2.0
\@emptytoks=\toks16
\ex@=\dimen103
))
(/usr/share/texlive/texmf-dist/tex/latex/amsmath/amsbsy.sty
Package: amsbsy 1999/11/29 v1.2d
\pmbraise@=\dimen104
)
(/usr/share/texlive/texmf-dist/tex/latex/amsmath/amsopn.sty
Package: amsopn 1999/12/14 v2.01 operator names
)
\inf@bad=\count89
LaTeX Info: Redefining \frac on input line 210.
\uproot@=\count90
\leftroot@=\count91
LaTeX Info: Redefining \overline on input line 306.
\classnum@=\count92
\DOTSCASE@=\count93
LaTeX Info: Redefining \ldots on input line 378.
LaTeX Info: Redefining \dots on input line 381.
LaTeX Info: Redefining \cdots on input line 466.
\Mathstrutbox@=\box26
\strutbox@=\box27
\big@size=\dimen105
LaTeX Font Info:    Redeclaring font encoding OML on input line 566.
LaTeX Font Info:    Redeclaring font encoding OMS on input line 567.
\macc@depth=\count94
\c@MaxMatrixCols=\count95
\dotsspace@=\muskip11
\c@parentequation=\count96
\dspbrk@lvl=\count97
\tag@help=\toks17
\row@=\count98
\column@=\count99
\maxfields@=\count100
\andhelp@=\toks18
\eqnshift@=\dimen106
\alignsep@=\dimen107
\tagshift@=\dimen108
\tagwidth@=\dimen109
\totwidth@=\dimen110
\lineht@=\dimen111
\@envbody=\toks19
\multlinegap=\skip44
\multlinetaggap=\skip45
\mathdisplay@stack=\toks20
LaTeX Info: Redefining \[ on input line 2665.
LaTeX Info: Redefining \] on input line 2666.
)
(/usr/share/texlive/texmf-dist/tex/latex/amsfonts/amsfonts.sty
Package: amsfonts 2013/01/14 v3.01 Basic AMSFonts support
\symAMSa=\mathgroup4
\symAMSb=\mathgroup5
LaTeX Font Info:    Overwriting math alphabet `\mathfrak' in version `bold'
(Font)                  U/euf/m/n --> U/euf/b/n on input line 106.
)
(/usr/share/texlive/texmf-dist/tex/latex/amsfonts/amssymb.sty
Package: amssymb 2013/01/14 v3.01 AMS font symbols
)
(/usr/share/texlive/texmf-dist/tex/latex/graphics/graphicx.sty
Package: graphicx 1999/02/16 v1.0f Enhanced LaTeX Graphics (DPC,SPQR)

(/usr/share/texlive/texmf-dist/tex/latex/graphics/keyval.sty
Package: keyval 1999/03/16 v1.13 key=value parser (DPC)
\KV@toks@=\toks21
)
(/usr/share/texlive/texmf-dist/tex/latex/graphics/graphics.sty
Package: graphics 2009/02/05 v1.0o Standard LaTeX Graphics (DPC,SPQR)

(/usr/share/texlive/texmf-dist/tex/latex/graphics/trig.sty
Package: trig 1999/03/16 v1.09 sin cos tan (DPC)
)
(/usr/share/texlive/texmf-dist/tex/latex/latexconfig/graphics.cfg
File: graphics.cfg 2010/04/23 v1.9 graphics configuration of TeX Live
)
Package graphics Info: Driver file: pdftex.def on input line 91.

(/usr/share/texlive/texmf-dist/tex/latex/pdftex-def/pdftex.def
File: pdftex.def 2011/05/27 v0.06d Graphics/color for pdfTeX

(/usr/share/texlive/texmf-dist/tex/generic/oberdiek/infwarerr.sty
Package: infwarerr 2010/04/08 v1.3 Providing info/warning/error messages (HO)
)
(/usr/share/texlive/texmf-dist/tex/generic/oberdiek/ltxcmds.sty
Package: ltxcmds 2011/11/09 v1.22 LaTeX kernel commands for general use (HO)
)
\Gread@gobject=\count101
))
\Gin@req@height=\dimen112
\Gin@req@width=\dimen113
)
(/usr/share/texlive/texmf-dist/tex/latex/tools/multicol.sty
Package: multicol 2011/06/27 v1.7a multicolumn formatting (FMi)
\c@tracingmulticols=\count102
\mult@box=\box28
\multicol@leftmargin=\dimen114
\c@unbalance=\count103
\c@collectmore=\count104
\doublecol@number=\count105
\multicoltolerance=\count106
\multicolpretolerance=\count107
\full@width=\dimen115
\page@free=\dimen116
\premulticols=\dimen117
\postmulticols=\dimen118
\multicolsep=\skip46
\multicolbaselineskip=\skip47
\partial@page=\box29
\last@line=\box30
\mult@rightbox=\box31
\mult@grightbox=\box32
\mult@gfirstbox=\box33
\mult@firstbox=\box34
\@tempa=\box35
\@tempa=\box36
\@tempa=\box37
\@tempa=\box38
\@tempa=\box39
\@tempa=\box40
\@tempa=\box41
\@tempa=\box42
\@tempa=\box43
\@tempa=\box44
\@tempa=\box45
\@tempa=\box46
\@tempa=\box47
\@tempa=\box48
\@tempa=\box49
\@tempa=\box50
\@tempa=\box51
\c@columnbadness=\count108
\c@finalcolumnbadness=\count109
\last@try=\dimen119
\multicolovershoot=\dimen120
\multicolundershoot=\dimen121
\mult@nat@firstbox=\box52
\colbreak@box=\box53
\multicol@sort@counter=\count110
)
(/usr/share/texlive/texmf-dist/tex/generic/ulem/ulem.sty
\UL@box=\box54
\UL@hyphenbox=\box55
\UL@skip=\skip48
\UL@hook=\toks22
\UL@height=\dimen122
\UL@pe=\count111
\UL@pixel=\dimen123
\ULC@box=\box56
Package: ulem 2012/05/18
\ULdepth=\dimen124
)
(/usr/share/texlive/texmf-dist/tex/latex/hyperref/hyperref.sty
Package: hyperref 2012/11/06 v6.83m Hypertext links for LaTeX

(/usr/share/texlive/texmf-dist/tex/generic/oberdiek/hobsub-hyperref.sty
Package: hobsub-hyperref 2012/05/28 v1.13 Bundle oberdiek, subset hyperref (HO)


(/usr/share/texlive/texmf-dist/tex/generic/oberdiek/hobsub-generic.sty
Package: hobsub-generic 2012/05/28 v1.13 Bundle oberdiek, subset generic (HO)
Package: hobsub 2012/05/28 v1.13 Construct package bundles (HO)
Package hobsub Info: Skipping package `infwarerr' (already loaded).
Package hobsub Info: Skipping package `ltxcmds' (already loaded).
Package: ifluatex 2010/03/01 v1.3 Provides the ifluatex switch (HO)
Package ifluatex Info: LuaTeX not detected.
Package: ifvtex 2010/03/01 v1.5 Detect VTeX and its facilities (HO)
Package ifvtex Info: VTeX not detected.
Package: intcalc 2007/09/27 v1.1 Expandable calculations with integers (HO)
Package hobsub Info: Skipping package `ifpdf' (already loaded).
Package: etexcmds 2011/02/16 v1.5 Avoid name clashes with e-TeX commands (HO)
Package etexcmds Info: Could not find \expanded.
(etexcmds)             That can mean that you are not using pdfTeX 1.50 or
(etexcmds)             that some package has redefined \expanded.
(etexcmds)             In the latter case, load this package earlier.
Package: kvsetkeys 2012/04/25 v1.16 Key value parser (HO)
Package: kvdefinekeys 2011/04/07 v1.3 Define keys (HO)
Package: pdftexcmds 2011/11/29 v0.20 Utility functions of pdfTeX for LuaTeX (HO
)
Package pdftexcmds Info: LuaTeX not detected.
Package pdftexcmds Info: \pdf@primitive is available.
Package pdftexcmds Info: \pdf@ifprimitive is available.
Package pdftexcmds Info: \pdfdraftmode found.
Package: pdfescape 2011/11/25 v1.13 Implements pdfTeX's escape features (HO)
Package: bigintcalc 2012/04/08 v1.3 Expandable calculations on big integers (HO
)
Package: bitset 2011/01/30 v1.1 Handle bit-vector datatype (HO)
Package: uniquecounter 2011/01/30 v1.2 Provide unlimited unique counter (HO)
)
Package hobsub Info: Skipping package `hobsub' (already loaded).
Package: letltxmacro 2010/09/02 v1.4 Let assignment for LaTeX macros (HO)
Package: hopatch 2012/05/28 v1.2 Wrapper for package hooks (HO)
Package: xcolor-patch 2011/01/30 xcolor patch
Package: atveryend 2011/06/30 v1.8 Hooks at the very end of document (HO)
Package atveryend Info: \enddocument detected (standard20110627).
Package: atbegshi 2011/10/05 v1.16 At begin shipout hook (HO)
Package: refcount 2011/10/16 v3.4 Data extraction from label references (HO)
Package: hycolor 2011/01/30 v1.7 Color options for hyperref/bookmark (HO)
)
(/usr/share/texlive/texmf-dist/tex/generic/ifxetex/ifxetex.sty
Package: ifxetex 2010/09/12 v0.6 Provides ifxetex conditional
)
(/usr/share/texlive/texmf-dist/tex/latex/oberdiek/auxhook.sty
Package: auxhook 2011/03/04 v1.3 Hooks for auxiliary files (HO)
)
(/usr/share/texlive/texmf-dist/tex/latex/oberdiek/kvoptions.sty
Package: kvoptions 2011/06/30 v3.11 Key value format for package options (HO)
)
\@linkdim=\dimen125
\Hy@linkcounter=\count112
\Hy@pagecounter=\count113

(/usr/share/texlive/texmf-dist/tex/latex/hyperref/pd1enc.def
File: pd1enc.def 2012/11/06 v6.83m Hyperref: PDFDocEncoding definition (HO)
)
\Hy@SavedSpaceFactor=\count114

(/usr/share/texlive/texmf-dist/tex/latex/latexconfig/hyperref.cfg
File: hyperref.cfg 2002/06/06 v1.2 hyperref configuration of TeXLive
)
Package hyperref Info: Option `colorlinks' set `true' on input line 4319.
Package hyperref Info: Hyper figures OFF on input line 4443.
Package hyperref Info: Link nesting OFF on input line 4448.
Package hyperref Info: Hyper index ON on input line 4451.
Package hyperref Info: Plain pages OFF on input line 4458.
Package hyperref Info: Backreferencing OFF on input line 4463.
Package hyperref Info: Implicit mode ON; LaTeX internals redefined.
Package hyperref Info: Bookmarks ON on input line 4688.
\c@Hy@tempcnt=\count115
LaTeX Info: Redefining \url on input line 5041.
\XeTeXLinkMargin=\dimen126
\Fld@menulength=\count116
\Field@Width=\dimen127
\Fld@charsize=\dimen128
Package hyperref Info: Hyper figures OFF on input line 6295.
Package hyperref Info: Link nesting OFF on input line 6300.
Package hyperref Info: Hyper index ON on input line 6303.
Package hyperref Info: backreferencing OFF on input line 6310.
Package hyperref Info: Link coloring ON on input line 6313.
Package hyperref Info: Link coloring with OCG OFF on input line 6320.
Package hyperref Info: PDF/A mode OFF on input line 6325.
LaTeX Info: Redefining \ref on input line 6365.
LaTeX Info: Redefining \pageref on input line 6369.
\Hy@abspage=\count117
\c@Item=\count118
\c@Hfootnote=\count119
)

Package hyperref Message: Driver (autodetected): hpdftex.

(/usr/share/texlive/texmf-dist/tex/latex/hyperref/hpdftex.def
File: hpdftex.def 2012/11/06 v6.83m Hyperref driver for pdfTeX
\Fld@listcount=\count120
\c@bookmark@seq@number=\count121

(/usr/share/texlive/texmf-dist/tex/latex/oberdiek/rerunfilecheck.sty
Package: rerunfilecheck 2011/04/15 v1.7 Rerun checks for auxiliary files (HO)
Package uniquecounter Info: New unique counter `rerunfilecheck' on input line 2
82.
)
\Hy@SectionHShift=\skip49
)
(./torios.aux)
\openout1 = `torios.aux'.

LaTeX Font Info:    Checking defaults for OML/cmm/m/it on input line 16.
LaTeX Font Info:    ... okay on input line 16.
LaTeX Font Info:    Checking defaults for T1/cmr/m/n on input line 16.
LaTeX Font Info:    ... okay on input line 16.
LaTeX Font Info:    Checking defaults for OT1/cmr/m/n on input line 16.
LaTeX Font Info:    ... okay on input line 16.
LaTeX Font Info:    Checking defaults for OMS/cmsy/m/n on input line 16.
LaTeX Font Info:    ... okay on input line 16.
LaTeX Font Info:    Checking defaults for OMX/cmex/m/n on input line 16.
LaTeX Font Info:    ... okay on input line 16.
LaTeX Font Info:    Checking defaults for U/cmr/m/n on input line 16.
LaTeX Font Info:    ... okay on input line 16.
LaTeX Font Info:    Checking defaults for PD1/pdf/m/n on input line 16.
LaTeX Font Info:    ... okay on input line 16.
 (/usr/share/texlive/texmf-dist/tex/context/base/supp-pdf.mkii
[Loading MPS to PDF converter (version 2006.09.02).]
\scratchcounter=\count122
\scratchdimen=\dimen129
\scratchbox=\box57
\nofMPsegments=\count123
\nofMParguments=\count124
\everyMPshowfont=\toks23
\MPscratchCnt=\count125
\MPscratchDim=\dimen130
\MPnumerator=\count126
\makeMPintoPDFobject=\count127
\everyMPtoPDFconversion=\toks24
) (/usr/share/texlive/texmf-dist/tex/latex/oberdiek/epstopdf-base.sty
Package: epstopdf-base 2010/02/09 v2.5 Base part for package epstopdf

(/usr/share/texlive/texmf-dist/tex/latex/oberdiek/grfext.sty
Package: grfext 2010/08/19 v1.1 Manage graphics extensions (HO)
)
Package grfext Info: Graphics extension search list:
(grfext)             [.png,.pdf,.jpg,.mps,.jpeg,.jbig2,.jb2,.PNG,.PDF,.JPG,.JPE
G,.JBIG2,.JB2,.eps]
(grfext)             \AppendGraphicsExtensions on input line 452.

(/usr/share/texlive/texmf-dist/tex/latex/latexconfig/epstopdf-sys.cfg
File: epstopdf-sys.cfg 2010/07/13 v1.3 Configuration of (r)epstopdf for TeX Liv
e
))
\AtBeginShipoutBox=\box58

(/usr/share/texlive/texmf-dist/tex/latex/graphics/color.sty
Package: color 2005/11/14 v1.0j Standard LaTeX Color (DPC)

(/usr/share/texlive/texmf-dist/tex/latex/latexconfig/color.cfg
File: color.cfg 2007/01/18 v1.5 color configuration of teTeX/TeXLive
)
Package color Info: Driver file: pdftex.def on input line 130.
)
Package hyperref Info: Link coloring ON on input line 16.

(/usr/share/texlive/texmf-dist/tex/latex/hyperref/nameref.sty
Package: nameref 2012/10/27 v2.43 Cross-referencing by name of section

(/usr/share/texlive/texmf-dist/tex/generic/oberdiek/gettitlestring.sty
Package: gettitlestring 2010/12/03 v1.4 Cleanup title references (HO)
)
\c@section@level=\count128
)
LaTeX Info: Redefining \ref on input line 16.
LaTeX Info: Redefining \pageref on input line 16.
LaTeX Info: Redefining \nameref on input line 16.

(./torios.out) (./torios.out)
\@outlinefile=\write3
\openout3 = `torios.out'.

 <./FinalLogo.png, id=44, 385.44pt x 385.44pt>
File: ./FinalLogo.png Graphic file (type png)

<use ./FinalLogo.png>
Package pdftex.def Info: ./FinalLogo.png used on input line 26.
(pdftex.def)             Requested size: 272.99881pt x 272.99973pt.
 [1{/var/lib/texmf/fonts/map/pdftex/updmap/pdftex.map}

 <./FinalLogo.png>] [2

] (./torios.toc
LaTeX Font Info:    Try loading font information for U+msa on input line 19.

(/usr/share/texlive/texmf-dist/tex/latex/amsfonts/umsa.fd
File: umsa.fd 2013/01/14 v3.01 AMS symbols A
)
LaTeX Font Info:    Try loading font information for U+msb on input line 19.

(/usr/share/texlive/texmf-dist/tex/latex/amsfonts/umsb.fd
File: umsb.fd 2013/01/14 v3.01 AMS symbols B
))
\tf@toc=\write4
\openout4 = `torios.toc'.

 [3] [4

]
Chapter 1.

Underfull \hbox (badness 10000) in paragraph at lines 37--38

 []

[5] [6

]
Chapter 2.
[7]
LaTeX Font Info:    Try loading font information for OMS+cmr on input line 61.
 (/usr/share/texlive/texmf-dist/tex/latex/base/omscmr.fd
File: omscmr.fd 1999/05/25 v2.5h Standard LaTeX font definitions
)
LaTeX Font Info:    Font shape `OMS/cmr/m/n' in size <12> not available
(Font)              Font shape `OMS/cmsy/m/n' tried instead on input line 61.
 [8]
Chapter 3.

Overfull \hbox (98.29004pt too wide) in paragraph at lines 73--84
 [] 
 []

[9

] [10

]
Chapter 4.

Underfull \hbox (badness 10000) in paragraph at lines 89--90

 []


Underfull \hbox (badness 10000) in paragraph at lines 101--103

 []

[11]
Overfull \hbox (30.57619pt too wide) in paragraph at lines 118--119
\OT1/cmr/m/n/12 You can use un-et-bootln to bootable flash disk im-age, http://
zleap.net/?s=unetboot 
 []


Underfull \hbox (badness 10000) in paragraph at lines 120--121

 []

[12] <unetbootin.png, id=131, 540.0175pt x 404.51125pt>
File: unetbootin.png Graphic file (type png)
 <use unetbootin.png>
Package pdftex.def Info: unetbootin.png used on input line 140.
(pdftex.def)             Requested size: 272.99881pt x 204.49568pt.

<unetbootin2.png, id=132, 648.4225pt x 465.74pt>
File: unetbootin2.png Graphic file (type png)
 <use unetbootin2.png>
Package pdftex.def Info: unetbootin2.png used on input line 164.
(pdftex.def)             Requested size: 272.99881pt x 196.0856pt.

Underfull \vbox (badness 10000) has occurred while \output is active []

 [13 <./unetbootin.png>] <unetbootin3.png, id=138, 561.09625pt x 420.57124pt>
File: unetbootin3.png Graphic file (type png)

<use unetbootin3.png>
Package pdftex.def Info: unetbootin3.png used on input line 174.
(pdftex.def)             Requested size: 272.99881pt x 204.62497pt.
 <unetbootin4.png, id=139, 818.05624pt x 639.38875pt>
File: unetbootin4.png Graphic file (type png)

<use unetbootin4.png>
Package pdftex.def Info: unetbootin4.png used on input line 185.
(pdftex.def)             Requested size: 272.99881pt x 213.37946pt.
 [14 <./unetbootin2.png> <./unetbootin3.png>]
<unetbootin5.png, id=145, 572.1375pt x 413.545pt>
File: unetbootin5.png Graphic file (type png)
 <use unetbootin5.png>
Package pdftex.def Info: unetbootin5.png used on input line 217.
(pdftex.def)             Requested size: 272.99881pt x 197.32564pt.

Underfull \hbox (badness 10000) in paragraph at lines 217--218

 []


Underfull \vbox (badness 1028) has occurred while \output is active []

 [15 <./unetbootin4.png>] [16 <./unetbootin5.png>]
Overfull \hbox (2.82927pt too wide) in paragraph at lines 232--233
\OT1/cmr/m/n/12 For more help with the One but-ton in-staller please re-fer to 
the OBI-quickstart-
 []


Underfull \hbox (badness 10000) in paragraph at lines 234--237
[]\OT1/cmr/bx/n/12 Note ; This is based on the RC-2 test ver-sion.
 []


Underfull \hbox (badness 10000) in paragraph at lines 234--237

 []


Underfull \hbox (badness 10000) in paragraph at lines 234--237

 []

<toriosRC2.png, id=159, 1031.855pt x 840.13875pt>
File: toriosRC2.png Graphic file (type png)
 <use toriosRC2.png>
Package pdftex.def Info: toriosRC2.png used on input line 240.
(pdftex.def)             Requested size: 272.99881pt x 222.27676pt.

Underfull \hbox (badness 10000) in paragraph at lines 240--242

 []

<torios-rc2-install1.png, id=160, 1031.855pt x 840.13875pt>
File: torios-rc2-install1.png Graphic file (type png)

<use torios-rc2-install1.png>
Package pdftex.def Info: torios-rc2-install1.png used on input line 244.
(pdftex.def)             Requested size: 272.99881pt x 222.27676pt.

Underfull \vbox (badness 10000) has occurred while \output is active []

 [17 <./toriosRC2.png>]
Underfull \hbox (badness 10000) in paragraph at lines 246--247

 []

<torios-rc2-install2.png, id=167, 1031.855pt x 840.13875pt>
File: torios-rc2-install2.png Graphic file (type png)

<use torios-rc2-install2.png>
Package pdftex.def Info: torios-rc2-install2.png used on input line 248.
(pdftex.def)             Requested size: 272.99881pt x 222.27676pt.

<torios-rc2-install3.png, id=168, 1031.855pt x 840.13875pt>
File: torios-rc2-install3.png Graphic file (type png)

<use torios-rc2-install3.png>
Package pdftex.def Info: torios-rc2-install3.png used on input line 250.
(pdftex.def)             Requested size: 272.99881pt x 222.27676pt.

<torios-rc2-install4.png, id=169, 1031.855pt x 840.13875pt>
Underfull \vbox (badness 10000) has occurred while \output is active []

 [18 <./torios-rc2-install1.png> <./torios-rc2-install2.png>]
File: torios-rc2-install4.png Graphic file (type png)

<use torios-rc2-install4.png>
Package pdftex.def Info: torios-rc2-install4.png used on input line 252.
(pdftex.def)             Requested size: 272.99881pt x 222.27676pt.

<torios-rc2-install5.png, id=176, 1031.855pt x 840.13875pt>
File: torios-rc2-install5.png Graphic file (type png)

<use torios-rc2-install5.png>
Package pdftex.def Info: torios-rc2-install5.png used on input line 254.
(pdftex.def)             Requested size: 272.99881pt x 222.27676pt.

<torios-rc2-install6.png, id=177, 1031.855pt x 840.13875pt>
Underfull \vbox (badness 10000) has occurred while \output is active []

 [19 <./torios-rc2-install3.png> <./torios-rc2-install4.png>]
File: torios-rc2-install6.png Graphic file (type png)

<use torios-rc2-install6.png>
Package pdftex.def Info: torios-rc2-install6.png used on input line 256.
(pdftex.def)             Requested size: 272.99881pt x 222.27676pt.

Underfull \hbox (badness 10000) in paragraph at lines 259--260

 []

<torios-rc2-install8-final-warning.png, id=185, 1031.855pt x 840.13875pt>
File: torios-rc2-install8-final-warning.png Graphic file (type png)

<use torios-rc2-install8-final-warning.png>
Package pdftex.def Info: torios-rc2-install8-final-warning.png used on input li
ne 261.
(pdftex.def)             Requested size: 272.99881pt x 222.27676pt.

<torios-rc2-install9.png, id=186, 1031.855pt x 840.13875pt>
Underfull \vbox (badness 10000) has occurred while \output is active []

 [20 <./torios-rc2-install5.png> <./torios-rc2-install6.png>]
File: torios-rc2-install9.png Graphic file (type png)

<use torios-rc2-install9.png>
Package pdftex.def Info: torios-rc2-install9.png used on input line 264.
(pdftex.def)             Requested size: 272.99881pt x 222.27676pt.

<torios-rc2-login-screen.png, id=193, 1031.855pt x 840.13875pt>
File: torios-rc2-login-screen.png Graphic file (type png)

<use torios-rc2-login-screen.png>
Package pdftex.def Info: torios-rc2-login-screen.png used on input line 267.
(pdftex.def)             Requested size: 272.99881pt x 222.27676pt.

Underfull \vbox (badness 10000) has occurred while \output is active []

 [21 <./torios-rc2-install8-final-warning.png> <./torios-rc2-install9.png>] [22
 <./torios-rc2-login-screen.png>] [23] [24

]
Chapter 5.

Underfull \hbox (badness 10000) in paragraph at lines 308--309

 []


Underfull \vbox (badness 10000) has occurred while \output is active []

 [25]
[26] [27]
Underfull \hbox (badness 10000) in paragraph at lines 319--320

 []


Underfull \hbox (badness 10000) in paragraph at lines 319--320

 []

<jwmsettingsmanager.png, id=247, 297.36093pt x 303.38344pt>
File: jwmsettingsmanager.png Graphic file (type png)

<use jwmsettingsmanager.png>
Package pdftex.def Info: jwmsettingsmanager.png used on input line 323.
(pdftex.def)             Requested size: 272.99881pt x 278.54211pt.

<mouse-settings.png, id=248, 434.62375pt x 245.91875pt>
File: mouse-settings.png Graphic file (type png)

<use mouse-settings.png>
Package pdftex.def Info: mouse-settings.png used on input line 327.
(pdftex.def)             Requested size: 272.99881pt x 154.47557pt.

<panel-settings.png, id=249, 342.27875pt x 689.57625pt>
File: panel-settings.png Graphic file (type png)

<use panel-settings.png>
Package pdftex.def Info: panel-settings.png used on input line 331.
(pdftex.def)             Requested size: 272.99881pt x 550.04134pt.

Underfull \vbox (badness 10000) has occurred while \output is active []

 [28 <./jwmsettingsmanager.png> <./mouse-settings.png>]
<desktop-settings.png, id=254, 536.0025pt x 583.17876pt>
File: desktop-settings.png Graphic file (type png)

<use desktop-settings.png>
Package pdftex.def Info: desktop-settings.png used on input line 336.
(pdftex.def)             Requested size: 272.99881pt x 297.0257pt.

Underfull \vbox (badness 10000) has occurred while \output is active []

 [29 <./panel-settings.png>] <window-settings.png, id=259, 681.54625pt x 480.79
625pt>
File: window-settings.png Graphic file (type png)

<use window-settings.png>
Package pdftex.def Info: window-settings.png used on input line 340.
(pdftex.def)             Requested size: 272.99881pt x 192.58653pt.
 [30 <./desktop-settings.png> <./window-settings.png>] [31] [32

]
Chapter 6.

Underfull \hbox (badness 10000) in paragraph at lines 376--378

 []

[33] [34

]
Chapter 7.

Underfull \hbox (badness 10000) in paragraph at lines 386--391

 []


Underfull \hbox (badness 10000) in paragraph at lines 386--391

 []


Underfull \hbox (badness 10000) in paragraph at lines 386--391

 []


Underfull \hbox (badness 10000) in paragraph at lines 386--391

 []


Underfull \hbox (badness 10000) in paragraph at lines 386--391

 []


Underfull \hbox (badness 10000) in paragraph at lines 386--391

 []

<torios-wget-download.png, id=290, 822.07124pt x 506.89375pt>
File: torios-wget-download.png Graphic file (type png)

<use torios-wget-download.png>
Package pdftex.def Info: torios-wget-download.png used on input line 392.
(pdftex.def)             Requested size: 272.99881pt x 168.32735pt.

Underfull \hbox (badness 10000) in paragraph at lines 392--396

 []


Underfull \hbox (badness 10000) in paragraph at lines 392--396

 []


Underfull \hbox (badness 10000) in paragraph at lines 392--396

 []

[35 <./torios-wget-download.png>]
Underfull \hbox (badness 10000) in paragraph at lines 397--398

 []

LaTeX Font Info:    Font shape `OMS/cmr/bx/n' in size <12> not available
(Font)              Font shape `OMS/cmsy/b/n' tried instead on input line 399.

Underfull \hbox (badness 10000) in paragraph at lines 415--419

 []


Underfull \hbox (badness 10000) in paragraph at lines 415--419

 []


Underfull \hbox (badness 10000) in paragraph at lines 415--419

 []


Underfull \hbox (badness 10000) in paragraph at lines 415--419

 []


Underfull \hbox (badness 10000) in paragraph at lines 427--430

 []


Underfull \hbox (badness 10000) in paragraph at lines 427--430

 []


Underfull \hbox (badness 10000) in paragraph at lines 427--430

 []

[36] [37]
Underfull \hbox (badness 10000) in paragraph at lines 436--437

 []


Underfull \hbox (badness 10000) in paragraph at lines 438--439

 []


Overfull \hbox (31.26782pt too wide) in paragraph at lines 440--441
[]\OT1/cmr/bx/n/12 Once this is done you will have a new file called: in the To
riBuilder.vdi
 []

<extractVBimage.png, id=308, 481.8pt x 165.61874pt>
File: extractVBimage.png Graphic file (type png)
 <use extractVBimage.png>
Package pdftex.def Info: extractVBimage.png used on input line 446.
(pdftex.def)             Requested size: 272.99881pt x 93.84515pt.

<ToriosTest01.png, id=309, 566.115pt x 431.6125pt>
File: ToriosTest01.png Graphic file (type png)
 <use ToriosTest01.png>
Package pdftex.def Info: ToriosTest01.png used on input line 453.
(pdftex.def)             Requested size: 272.99881pt x 208.13976pt.

[38 <./extractVBimage.png> <./ToriosTest01.png>]
<ToriosTest02.png, id=317, 566.115pt x 431.6125pt>
File: ToriosTest02.png Graphic file (type png)
 <use ToriosTest02.png>
Package pdftex.def Info: ToriosTest02.png used on input line 466.
(pdftex.def)             Requested size: 272.99881pt x 208.13976pt.

<ToriosTest03.png, id=318, 566.115pt x 431.6125pt>
File: ToriosTest03.png Graphic file (type png)
 <use ToriosTest03.png>
Package pdftex.def Info: ToriosTest03.png used on input line 472.
(pdftex.def)             Requested size: 272.99881pt x 208.13976pt.

<virtualbox.png, id=319, 774.895pt x 578.16pt>
File: virtualbox.png Graphic file (type png)
 <use virtualbox.png>
Package pdftex.def Info: virtualbox.png used on input line 477.
(pdftex.def)             Requested size: 272.99881pt x 203.69115pt.
 [39 <./ToriosTest02.png> <./ToriosTest03.png>]
<ToriosTest-done.png, id=326, 774.895pt x 578.16pt>
File: ToriosTest-done.png Graphic file (type png)
 <use ToriosTest-done.png>
Package pdftex.def Info: ToriosTest-done.png used on input line 485.
(pdftex.def)             Requested size: 272.99881pt x 203.69115pt.

<ToriosEnablePAE.png, id=327, 671.50874pt x 464.73625pt>
File: ToriosEnablePAE.png Graphic file (type png)

<use ToriosEnablePAE.png>
Package pdftex.def Info: ToriosEnablePAE.png used on input line 491.
(pdftex.def)             Requested size: 272.99881pt x 188.93336pt.

Underfull \vbox (badness 4569) has occurred while \output is active []

 [40 <./virtualbox.png> <./ToriosTest-done.png>]
Overfull \hbox (23.75958pt too wide) in paragraph at lines 494--495
[]\OT1/cmr/bx/n/12 Click sys-tem, then pro-ces-sor tab then check the box En-ab
lePAE/NX
 []

[41 <./ToriosEnablePAE.png>] [42

]
Chapter 8.

Overfull \hbox (42.25021pt too wide) in paragraph at lines 534--534
[]    \OT1/cmtt/m/n/12 Share ? copy and redistribute the material in any medium
 or format[] 
 []


Overfull \hbox (116.35025pt too wide) in paragraph at lines 534--534
[]    \OT1/cmtt/m/n/12 Attribution ? You must give appropriate credit, provide 
a link to the license,[] 
 []


Overfull \hbox (79.30023pt too wide) in paragraph at lines 534--534
[]     \OT1/cmtt/m/n/12 but not in any way that suggests the licensor endorses 
you or your use.[] 
 []


Overfull \hbox (295.42534pt too wide) in paragraph at lines 534--534
[]     \OT1/cmtt/m/n/12 or build upon the material, you must distribute your co
ntributions under the same license as the original.[] 
 []

<cc-logi.png, id=343, 88.33pt x 31.11626pt> [43]
File: cc-logi.png Graphic file (type png)
 <use cc-logi.png>
Package pdftex.def Info: cc-logi.png used on input line 539.
(pdftex.def)             Requested size: 88.32977pt x 31.11617pt.
 [44 <./cc-logi.png>] [45] [46]
Package atveryend Info: Empty hook `BeforeClearDocument' on input line 555.
 [47]
Package atveryend Info: Empty hook `AfterLastShipout' on input line 555.
 (./torios.aux)
Package atveryend Info: Executing hook `AtVeryEndDocument' on input line 555.
Package atveryend Info: Executing hook `AtEndAfterFileList' on input line 555.
Package rerunfilecheck Info: File `torios.out' has not changed.
(rerunfilecheck)             Checksum: 5AE9E9D3CEEE7524B18CDBB884B7CD8C;536.
Package atveryend Info: Empty hook `AtVeryVeryEnd' on input line 555.
 ) 
Here is how much of TeX's memory you used:
 6730 strings out of 493304
 96891 string characters out of 6139871
 270274 words of memory out of 5000000
 9959 multiletter control sequences out of 15000+600000
 11291 words of font info for 43 fonts, out of 8000000 for 9000
 957 hyphenation exceptions out of 8191
 29i,7n,28p,486b,404s stack positions out of 5000i,500n,10000p,200000b,80000s
</usr/share/texlive/texmf-dist/fonts/type1/public/amsfonts/cm/cmbsy10.pfb></u
sr/share/texlive/texmf-dist/fonts/type1/public/amsfonts/cm/cmbx12.pfb></usr/sha
re/texlive/texmf-dist/fonts/type1/public/amsfonts/cm/cmr12.pfb></usr/share/texl
ive/texmf-dist/fonts/type1/public/amsfonts/cm/cmr17.pfb></usr/share/texlive/tex
mf-dist/fonts/type1/public/amsfonts/cm/cmr8.pfb></usr/share/texlive/texmf-dist/
fonts/type1/public/amsfonts/cm/cmsl12.pfb></usr/share/texlive/texmf-dist/fonts/
type1/public/amsfonts/cm/cmsy10.pfb></usr/share/texlive/texmf-dist/fonts/type1/
public/amsfonts/cm/cmtt12.pfb>
Output written on torios.pdf (47 pages, 5338974 bytes).
PDF statistics:
 422 PDF objects out of 1000 (max. 8388607)
 311 compressed objects within 4 object streams
 111 named destinations out of 1000 (max. 500000)
 231 words of extra memory for PDF output out of 10000 (max. 10000000)

